11-May-2025 23:33:09.694 INFO [main] org.apache.catalina.startup.VersionLoggerListener.log Server version name:   Apache Tomcat/10.1.36
11-May-2025 23:33:09.706 INFO [main] org.apache.catalina.startup.VersionLoggerListener.log Server built:          Feb 13 2025 13:13:30 UTC
11-May-2025 23:33:09.706 INFO [main] org.apache.catalina.startup.VersionLoggerListener.log Server version number: 10.1.36.0
11-May-2025 23:33:09.707 INFO [main] org.apache.catalina.startup.VersionLoggerListener.log OS Name:               Windows 11
11-May-2025 23:33:09.707 INFO [main] org.apache.catalina.startup.VersionLoggerListener.log OS Version:            10.0
11-May-2025 23:33:09.707 INFO [main] org.apache.catalina.startup.VersionLoggerListener.log Architecture:          amd64
11-May-2025 23:33:09.707 INFO [main] org.apache.catalina.startup.VersionLoggerListener.log Java Home:             C:\Program Files\Java\jdk-17
11-May-2025 23:33:09.708 INFO [main] org.apache.catalina.startup.VersionLoggerListener.log JVM Version:           17.0.12+8-LTS-286
11-May-2025 23:33:09.708 INFO [main] org.apache.catalina.startup.VersionLoggerListener.log JVM Vendor:            Oracle Corporation
11-May-2025 23:33:09.708 INFO [main] org.apache.catalina.startup.VersionLoggerListener.log CATALINA_BASE:         C:\Program Files\Apache Software Foundation\Tomcat 10.1
11-May-2025 23:33:09.708 INFO [main] org.apache.catalina.startup.VersionLoggerListener.log CATALINA_HOME:         C:\Program Files\Apache Software Foundation\Tomcat 10.1
11-May-2025 23:33:09.721 INFO [main] org.apache.catalina.startup.VersionLoggerListener.log Command line argument: -Djava.util.logging.config.file=C:\Program Files\Apache Software Foundation\Tomcat 10.1\conf\logging.properties
11-May-2025 23:33:09.721 INFO [main] org.apache.catalina.startup.VersionLoggerListener.log Command line argument: -Djava.util.logging.manager=org.apache.juli.ClassLoaderLogManager
11-May-2025 23:33:09.721 INFO [main] org.apache.catalina.startup.VersionLoggerListener.log Command line argument: -Xmx512M
11-May-2025 23:33:09.722 INFO [main] org.apache.catalina.startup.VersionLoggerListener.log Command line argument: -Xms64M
11-May-2025 23:33:09.722 INFO [main] org.apache.catalina.startup.VersionLoggerListener.log Command line argument: -Dfile.encoding=UTF-8
11-May-2025 23:33:09.723 INFO [main] org.apache.catalina.startup.VersionLoggerListener.log Command line argument: -Djdk.tls.ephemeralDHKeySize=2048
11-May-2025 23:33:09.723 INFO [main] org.apache.catalina.startup.VersionLoggerListener.log Command line argument: -Djava.protocol.handler.pkgs=org.apache.catalina.webresources
11-May-2025 23:33:09.723 INFO [main] org.apache.catalina.startup.VersionLoggerListener.log Command line argument: -Dsun.io.useCanonCaches=false
11-May-2025 23:33:09.723 INFO [main] org.apache.catalina.startup.VersionLoggerListener.log Command line argument: --add-opens=java.base/java.lang=ALL-UNNAMED
11-May-2025 23:33:09.724 INFO [main] org.apache.catalina.startup.VersionLoggerListener.log Command line argument: --add-opens=java.base/java.io=ALL-UNNAMED
11-May-2025 23:33:09.724 INFO [main] org.apache.catalina.startup.VersionLoggerListener.log Command line argument: --add-opens=java.base/java.util=ALL-UNNAMED
11-May-2025 23:33:09.724 INFO [main] org.apache.catalina.startup.VersionLoggerListener.log Command line argument: --add-opens=java.base/java.util.concurrent=ALL-UNNAMED
11-May-2025 23:33:09.725 INFO [main] org.apache.catalina.startup.VersionLoggerListener.log Command line argument: --add-opens=java.rmi/sun.rmi.transport=ALL-UNNAMED
11-May-2025 23:33:09.725 INFO [main] org.apache.catalina.startup.VersionLoggerListener.log Command line argument: -Dcatalina.base=C:\Program Files\Apache Software Foundation\Tomcat 10.1
11-May-2025 23:33:09.725 INFO [main] org.apache.catalina.startup.VersionLoggerListener.log Command line argument: -Dcatalina.home=C:\Program Files\Apache Software Foundation\Tomcat 10.1
11-May-2025 23:33:09.725 INFO [main] org.apache.catalina.startup.VersionLoggerListener.log Command line argument: -Djava.io.tmpdir=C:\Program Files\Apache Software Foundation\Tomcat 10.1\temp
11-May-2025 23:33:09.735 INFO [main] org.apache.catalina.core.AprLifecycleListener.lifecycleEvent The Apache Tomcat Native library which allows using OpenSSL was not found on the java.library.path: [C:\Program Files\Java\jdk-17\bin;C:\WINDOWS\Sun\Java\bin;C:\WINDOWS\system32;C:\WINDOWS;C:\Program Files\Common Files\Oracle\Java\javapath;C:\WINDOWS\system32;C:\WINDOWS;C:\WINDOWS\System32\Wbem;C:\WINDOWS\System32\WindowsPowerShell\v1.0\;C:\WINDOWS\System32\OpenSSH\;C:\Program Files\Git\cmd;C:\dspace-apps\apache-ant-1.10.14\bin;C:\Program Files\Java\jdk1.8.0_202\bin;C:\Users\Lenovo\AppData\Roaming\nvm;C:\Program Files\nodejs;C:\apache-ant-1.9.4\bin;C:\apache-maven-3.9.9\bin;C:\Program Files\Java\jdk1.8.0_202\bin;C:\Program Files\Docker\Docker\resources\bin;C:\Program Files\nodejs\;C:\dspace-apps\apache-maven-3.9.9\bin;C:\Program Files (x86)\TechBets\bin;C:\Program Files\Common Files\Oracle\Java\javapath;C:\WINDOWS\system32;C:\WINDOWS;C:\WINDOWS\System32\Wbem;C:\WINDOWS\System32\WindowsPowerShell\v1.0\;C:\WINDOWS\System32\OpenSSH\;C:\Program Files\Git\cmd;C:\dspace-apps\apache-ant-1.10.14\bin;C:\Program Files\Java\jdk-17\bin;C:\Users\Lenovo\AppData\Roaming\nvm;C:\Program Files\nodejs;C:\apache-ant-1.9.4\bin;C:\apache-maven-3.9.9\bin;C:\Program Files\Java\jdk1.8.0_202\bin;C:\Program Files\Docker\Docker\resources\bin;C:\Program Files\nodejs\;C:\dspace-apps\apache-maven-3.9.9\bin;C:\Users\Lenovo\AppData\Local\Programs\Microsoft VS Code\bin;.]
11-May-2025 23:33:09.997 INFO [main] org.apache.coyote.AbstractProtocol.init Initializing ProtocolHandler ["http-nio-8080"]
11-May-2025 23:33:10.020 INFO [main] org.apache.catalina.startup.Catalina.load Server initialization in [568] milliseconds
11-May-2025 23:33:10.078 INFO [main] org.apache.catalina.core.StandardService.startInternal Starting service [Catalina]
11-May-2025 23:33:10.078 INFO [main] org.apache.catalina.core.StandardEngine.startInternal Starting Servlet engine: [Apache Tomcat/10.1.36]
11-May-2025 23:33:10.095 INFO [main] org.apache.catalina.startup.HostConfig.deployDirectory Deploying web application directory [C:\Program Files\Apache Software Foundation\Tomcat 10.1\webapps\docs]
11-May-2025 23:33:10.446 INFO [main] org.apache.catalina.startup.HostConfig.deployDirectory Deployment of web application directory [C:\Program Files\Apache Software Foundation\Tomcat 10.1\webapps\docs] has finished in [350] ms
11-May-2025 23:33:10.446 INFO [main] org.apache.catalina.startup.HostConfig.deployDirectory Deploying web application directory [C:\Program Files\Apache Software Foundation\Tomcat 10.1\webapps\manager]
11-May-2025 23:33:10.516 INFO [main] org.apache.catalina.startup.HostConfig.deployDirectory Deployment of web application directory [C:\Program Files\Apache Software Foundation\Tomcat 10.1\webapps\manager] has finished in [70] ms
11-May-2025 23:33:10.517 INFO [main] org.apache.catalina.startup.HostConfig.deployDirectory Deploying web application directory [C:\Program Files\Apache Software Foundation\Tomcat 10.1\webapps\ROOT]
11-May-2025 23:33:10.552 INFO [main] org.apache.catalina.startup.HostConfig.deployDirectory Deployment of web application directory [C:\Program Files\Apache Software Foundation\Tomcat 10.1\webapps\ROOT] has finished in [35] ms
11-May-2025 23:33:10.552 INFO [main] org.apache.catalina.startup.HostConfig.deployDirectory Deploying web application directory [C:\Program Files\Apache Software Foundation\Tomcat 10.1\webapps\server]
11-May-2025 23:33:53.197 INFO [main] org.apache.jasper.servlet.TldScanner.scanJars At least one JAR was scanned for TLDs yet contained no TLDs. Enable debug logging for this logger for a complete list of JARs that were scanned but no TLDs were found in them. Skipping unneeded JARs during scanning can improve startup time and JSP compilation time.
11-May-2025 23:35:25.499 INFO [main] org.apache.catalina.startup.HostConfig.deployDirectory Deployment of web application directory [C:\Program Files\Apache Software Foundation\Tomcat 10.1\webapps\server] has finished in [134,945] ms
11-May-2025 23:35:25.517 INFO [main] org.apache.coyote.AbstractProtocol.start Starting ProtocolHandler ["http-nio-8080"]
11-May-2025 23:35:25.589 INFO [main] org.apache.catalina.startup.Catalina.start Server startup in [135568] milliseconds
