16-Jul-2025 11:43:33.446 INFO [main] org.apache.catalina.startup.VersionLoggerListener.log Server version name:   Apache Tomcat/10.1.36
16-Jul-2025 11:43:33.452 INFO [main] org.apache.catalina.startup.VersionLoggerListener.log Server built:          Feb 13 2025 13:13:30 UTC
16-Jul-2025 11:43:33.454 INFO [main] org.apache.catalina.startup.VersionLoggerListener.log Server version number: 10.1.36.0
16-Jul-2025 11:43:33.454 INFO [main] org.apache.catalina.startup.VersionLoggerListener.log OS Name:               Windows 11
16-Jul-2025 11:43:33.454 INFO [main] org.apache.catalina.startup.VersionLoggerListener.log OS Version:            10.0
16-Jul-2025 11:43:33.454 INFO [main] org.apache.catalina.startup.VersionLoggerListener.log Architecture:          amd64
16-Jul-2025 11:43:33.455 INFO [main] org.apache.catalina.startup.VersionLoggerListener.log Java Home:             C:\Program Files\Java\jdk-17
16-Jul-2025 11:43:33.455 INFO [main] org.apache.catalina.startup.VersionLoggerListener.log JVM Version:           17.0.12+8-LTS-286
16-Jul-2025 11:43:33.456 INFO [main] org.apache.catalina.startup.VersionLoggerListener.log JVM Vendor:            Oracle Corporation
16-Jul-2025 11:43:33.456 INFO [main] org.apache.catalina.startup.VersionLoggerListener.log CATALINA_BASE:         C:\Program Files\Apache Software Foundation\Tomcat 10.1
16-Jul-2025 11:43:33.456 INFO [main] org.apache.catalina.startup.VersionLoggerListener.log CATALINA_HOME:         C:\Program Files\Apache Software Foundation\Tomcat 10.1
16-Jul-2025 11:43:33.465 INFO [main] org.apache.catalina.startup.VersionLoggerListener.log Command line argument: -Djava.util.logging.config.file=C:\Program Files\Apache Software Foundation\Tomcat 10.1\conf\logging.properties
16-Jul-2025 11:43:33.465 INFO [main] org.apache.catalina.startup.VersionLoggerListener.log Command line argument: -Djava.util.logging.manager=org.apache.juli.ClassLoaderLogManager
16-Jul-2025 11:43:33.465 INFO [main] org.apache.catalina.startup.VersionLoggerListener.log Command line argument: -Xmx512M
16-Jul-2025 11:43:33.466 INFO [main] org.apache.catalina.startup.VersionLoggerListener.log Command line argument: -Xms64M
16-Jul-2025 11:43:33.467 INFO [main] org.apache.catalina.startup.VersionLoggerListener.log Command line argument: -Dfile.encoding=UTF-8
16-Jul-2025 11:43:33.473 INFO [main] org.apache.catalina.startup.VersionLoggerListener.log Command line argument: -Djdk.tls.ephemeralDHKeySize=2048
16-Jul-2025 11:43:33.473 INFO [main] org.apache.catalina.startup.VersionLoggerListener.log Command line argument: -Djava.protocol.handler.pkgs=org.apache.catalina.webresources
16-Jul-2025 11:43:33.474 INFO [main] org.apache.catalina.startup.VersionLoggerListener.log Command line argument: -Dsun.io.useCanonCaches=false
16-Jul-2025 11:43:33.474 INFO [main] org.apache.catalina.startup.VersionLoggerListener.log Command line argument: --add-opens=java.base/java.lang=ALL-UNNAMED
16-Jul-2025 11:43:33.474 INFO [main] org.apache.catalina.startup.VersionLoggerListener.log Command line argument: --add-opens=java.base/java.io=ALL-UNNAMED
16-Jul-2025 11:43:33.474 INFO [main] org.apache.catalina.startup.VersionLoggerListener.log Command line argument: --add-opens=java.base/java.util=ALL-UNNAMED
16-Jul-2025 11:43:33.474 INFO [main] org.apache.catalina.startup.VersionLoggerListener.log Command line argument: --add-opens=java.base/java.util.concurrent=ALL-UNNAMED
16-Jul-2025 11:43:33.474 INFO [main] org.apache.catalina.startup.VersionLoggerListener.log Command line argument: --add-opens=java.rmi/sun.rmi.transport=ALL-UNNAMED
16-Jul-2025 11:43:33.475 INFO [main] org.apache.catalina.startup.VersionLoggerListener.log Command line argument: -Dcatalina.base=C:\Program Files\Apache Software Foundation\Tomcat 10.1
16-Jul-2025 11:43:33.475 INFO [main] org.apache.catalina.startup.VersionLoggerListener.log Command line argument: -Dcatalina.home=C:\Program Files\Apache Software Foundation\Tomcat 10.1
16-Jul-2025 11:43:33.475 INFO [main] org.apache.catalina.startup.VersionLoggerListener.log Command line argument: -Djava.io.tmpdir=C:\Program Files\Apache Software Foundation\Tomcat 10.1\temp
16-Jul-2025 11:43:33.483 INFO [main] org.apache.catalina.core.AprLifecycleListener.lifecycleEvent The Apache Tomcat Native library which allows using OpenSSL was not found on the java.library.path: [C:\Program Files\Java\jdk-17\bin;C:\WINDOWS\Sun\Java\bin;C:\WINDOWS\system32;C:\WINDOWS;C:\Program Files\Common Files\Oracle\Java\javapath;C:\WINDOWS\system32;C:\WINDOWS;C:\WINDOWS\System32\Wbem;C:\WINDOWS\System32\WindowsPowerShell\v1.0\;C:\WINDOWS\System32\OpenSSH\;C:\Program Files\Git\cmd;C:\dspace-apps\apache-ant-1.10.14\bin;C:\Program Files\Java\jdk-17\bin;C:\Users\Lenovo\AppData\Roaming\nvm;C:\Program Files\nodejs;C:\apache-ant-1.9.4\bin;C:\apache-maven-3.9.9\bin;C:\Program Files\Java\jdk1.8.0_202\bin;C:\Program Files\Docker\Docker\resources\bin;C:\Program Files\nodejs\;C:\dspace-apps\apache-maven-3.9.9\bin;C:\Program Files (x86)\TechBets\bin;C:\Program Files\Common Files\Oracle\Java\javapath;C:\WINDOWS\system32;C:\WINDOWS;C:\WINDOWS\System32\Wbem;C:\WINDOWS\System32\WindowsPowerShell\v1.0\;C:\WINDOWS\System32\OpenSSH\;C:\Program Files\Git\cmd;C:\dspace-apps\apache-ant-1.10.14\bin;C:\Program Files\Java\jdk-17\bin;C:\Users\Lenovo\AppData\Roaming\nvm;C:\Program Files\nodejs;C:\apache-ant-1.9.4\bin;C:\apache-maven-3.9.9\bin;C:\Program Files\Java\jdk1.8.0_202\bin;C:\Program Files\Docker\Docker\resources\bin;C:\Program Files\nodejs\;C:\dspace-apps\apache-maven-3.9.9\bin;C:\Users\Lenovo\AppData\Local\Programs\Microsoft VS Code\bin;.]
16-Jul-2025 11:43:33.684 INFO [main] org.apache.coyote.AbstractProtocol.init Initializing ProtocolHandler ["http-nio-8080"]
16-Jul-2025 11:43:33.700 SEVERE [main] org.apache.catalina.util.LifecycleBase.handleSubClassException Failed to initialize component [Connector["http-nio-8080"]]
	org.apache.catalina.LifecycleException: Protocol handler initialization failed
		at org.apache.catalina.connector.Connector.initInternal(Connector.java:1051)
		at org.apache.catalina.util.LifecycleBase.init(LifecycleBase.java:122)
		at org.apache.catalina.core.StandardService.initInternal(StandardService.java:525)
		at org.apache.catalina.util.LifecycleBase.init(LifecycleBase.java:122)
		at org.apache.catalina.core.StandardServer.initInternal(StandardServer.java:957)
		at org.apache.catalina.util.LifecycleBase.init(LifecycleBase.java:122)
		at org.apache.catalina.startup.Catalina.load(Catalina.java:712)
		at org.apache.catalina.startup.Catalina.load(Catalina.java:735)
		at java.base/jdk.internal.reflect.NativeMethodAccessorImpl.invoke0(Native Method)
		at java.base/jdk.internal.reflect.NativeMethodAccessorImpl.invoke(NativeMethodAccessorImpl.java:77)
		at java.base/jdk.internal.reflect.DelegatingMethodAccessorImpl.invoke(DelegatingMethodAccessorImpl.java:43)
		at java.base/java.lang.reflect.Method.invoke(Method.java:568)
		at org.apache.catalina.startup.Bootstrap.load(Bootstrap.java:302)
		at org.apache.catalina.startup.Bootstrap.main(Bootstrap.java:472)
	Caused by: java.net.BindException: Address already in use: bind
		at java.base/sun.nio.ch.Net.bind0(Native Method)
		at java.base/sun.nio.ch.Net.bind(Net.java:555)
		at java.base/sun.nio.ch.ServerSocketChannelImpl.netBind(ServerSocketChannelImpl.java:337)
		at java.base/sun.nio.ch.ServerSocketChannelImpl.bind(ServerSocketChannelImpl.java:294)
		at org.apache.tomcat.util.net.NioEndpoint.initServerSocket(NioEndpoint.java:239)
		at org.apache.tomcat.util.net.NioEndpoint.bind(NioEndpoint.java:194)
		at org.apache.tomcat.util.net.AbstractEndpoint.bindWithCleanup(AbstractEndpoint.java:1304)
		at org.apache.tomcat.util.net.AbstractEndpoint.init(AbstractEndpoint.java:1317)
		at org.apache.coyote.AbstractProtocol.init(AbstractProtocol.java:633)
		at org.apache.coyote.http11.AbstractHttp11Protocol.init(AbstractHttp11Protocol.java:82)
		at org.apache.catalina.connector.Connector.initInternal(Connector.java:1049)
		... 13 more
16-Jul-2025 11:43:33.708 INFO [main] org.apache.catalina.startup.Catalina.load Server initialization in [416] milliseconds
16-Jul-2025 11:43:33.764 INFO [main] org.apache.catalina.core.StandardService.startInternal Starting service [Catalina]
16-Jul-2025 11:43:33.764 INFO [main] org.apache.catalina.core.StandardEngine.startInternal Starting Servlet engine: [Apache Tomcat/10.1.36]
16-Jul-2025 11:43:33.777 INFO [main] org.apache.catalina.startup.HostConfig.deployDirectory Deploying web application directory [C:\Program Files\Apache Software Foundation\Tomcat 10.1\webapps\docs]
16-Jul-2025 11:43:34.125 INFO [main] org.apache.catalina.startup.HostConfig.deployDirectory Deployment of web application directory [C:\Program Files\Apache Software Foundation\Tomcat 10.1\webapps\docs] has finished in [347] ms
16-Jul-2025 11:43:34.125 INFO [main] org.apache.catalina.startup.HostConfig.deployDirectory Deploying web application directory [C:\Program Files\Apache Software Foundation\Tomcat 10.1\webapps\manager]
16-Jul-2025 11:43:34.196 INFO [main] org.apache.catalina.startup.HostConfig.deployDirectory Deployment of web application directory [C:\Program Files\Apache Software Foundation\Tomcat 10.1\webapps\manager] has finished in [71] ms
16-Jul-2025 11:43:34.196 INFO [main] org.apache.catalina.startup.HostConfig.deployDirectory Deploying web application directory [C:\Program Files\Apache Software Foundation\Tomcat 10.1\webapps\ROOT]
16-Jul-2025 11:43:34.226 INFO [main] org.apache.catalina.startup.HostConfig.deployDirectory Deployment of web application directory [C:\Program Files\Apache Software Foundation\Tomcat 10.1\webapps\ROOT] has finished in [30] ms
16-Jul-2025 11:43:34.226 INFO [main] org.apache.catalina.startup.HostConfig.deployDirectory Deploying web application directory [C:\Program Files\Apache Software Foundation\Tomcat 10.1\webapps\server]
16-Jul-2025 11:45:03.514 INFO [main] org.apache.catalina.startup.VersionLoggerListener.log Server version name:   Apache Tomcat/10.1.36
16-Jul-2025 11:45:03.517 INFO [main] org.apache.catalina.startup.VersionLoggerListener.log Server built:          Feb 13 2025 13:13:30 UTC
16-Jul-2025 11:45:03.518 INFO [main] org.apache.catalina.startup.VersionLoggerListener.log Server version number: 10.1.36.0
16-Jul-2025 11:45:03.518 INFO [main] org.apache.catalina.startup.VersionLoggerListener.log OS Name:               Windows 11
16-Jul-2025 11:45:03.518 INFO [main] org.apache.catalina.startup.VersionLoggerListener.log OS Version:            10.0
16-Jul-2025 11:45:03.519 INFO [main] org.apache.catalina.startup.VersionLoggerListener.log Architecture:          amd64
16-Jul-2025 11:45:03.519 INFO [main] org.apache.catalina.startup.VersionLoggerListener.log Java Home:             C:\Program Files\Java\jdk-17
16-Jul-2025 11:45:03.519 INFO [main] org.apache.catalina.startup.VersionLoggerListener.log JVM Version:           17.0.12+8-LTS-286
16-Jul-2025 11:45:03.519 INFO [main] org.apache.catalina.startup.VersionLoggerListener.log JVM Vendor:            Oracle Corporation
16-Jul-2025 11:45:03.519 INFO [main] org.apache.catalina.startup.VersionLoggerListener.log CATALINA_BASE:         C:\Program Files\Apache Software Foundation\Tomcat 10.1
16-Jul-2025 11:45:03.519 INFO [main] org.apache.catalina.startup.VersionLoggerListener.log CATALINA_HOME:         C:\Program Files\Apache Software Foundation\Tomcat 10.1
16-Jul-2025 11:45:03.528 INFO [main] org.apache.catalina.startup.VersionLoggerListener.log Command line argument: -Djava.util.logging.config.file=C:\Program Files\Apache Software Foundation\Tomcat 10.1\conf\logging.properties
16-Jul-2025 11:45:03.528 INFO [main] org.apache.catalina.startup.VersionLoggerListener.log Command line argument: -Djava.util.logging.manager=org.apache.juli.ClassLoaderLogManager
16-Jul-2025 11:45:03.528 INFO [main] org.apache.catalina.startup.VersionLoggerListener.log Command line argument: -Xmx512M
16-Jul-2025 11:45:03.528 INFO [main] org.apache.catalina.startup.VersionLoggerListener.log Command line argument: -Xms64M
16-Jul-2025 11:45:03.528 INFO [main] org.apache.catalina.startup.VersionLoggerListener.log Command line argument: -Dfile.encoding=UTF-8
16-Jul-2025 11:45:03.529 INFO [main] org.apache.catalina.startup.VersionLoggerListener.log Command line argument: -Djdk.tls.ephemeralDHKeySize=2048
16-Jul-2025 11:45:03.529 INFO [main] org.apache.catalina.startup.VersionLoggerListener.log Command line argument: -Djava.protocol.handler.pkgs=org.apache.catalina.webresources
16-Jul-2025 11:45:03.529 INFO [main] org.apache.catalina.startup.VersionLoggerListener.log Command line argument: -Dsun.io.useCanonCaches=false
16-Jul-2025 11:45:03.529 INFO [main] org.apache.catalina.startup.VersionLoggerListener.log Command line argument: --add-opens=java.base/java.lang=ALL-UNNAMED
16-Jul-2025 11:45:03.529 INFO [main] org.apache.catalina.startup.VersionLoggerListener.log Command line argument: --add-opens=java.base/java.io=ALL-UNNAMED
16-Jul-2025 11:45:03.529 INFO [main] org.apache.catalina.startup.VersionLoggerListener.log Command line argument: --add-opens=java.base/java.util=ALL-UNNAMED
16-Jul-2025 11:45:03.529 INFO [main] org.apache.catalina.startup.VersionLoggerListener.log Command line argument: --add-opens=java.base/java.util.concurrent=ALL-UNNAMED
16-Jul-2025 11:45:03.530 INFO [main] org.apache.catalina.startup.VersionLoggerListener.log Command line argument: --add-opens=java.rmi/sun.rmi.transport=ALL-UNNAMED
16-Jul-2025 11:45:03.530 INFO [main] org.apache.catalina.startup.VersionLoggerListener.log Command line argument: -Dcatalina.base=C:\Program Files\Apache Software Foundation\Tomcat 10.1
16-Jul-2025 11:45:03.530 INFO [main] org.apache.catalina.startup.VersionLoggerListener.log Command line argument: -Dcatalina.home=C:\Program Files\Apache Software Foundation\Tomcat 10.1
16-Jul-2025 11:45:03.530 INFO [main] org.apache.catalina.startup.VersionLoggerListener.log Command line argument: -Djava.io.tmpdir=C:\Program Files\Apache Software Foundation\Tomcat 10.1\temp
16-Jul-2025 11:45:03.539 INFO [main] org.apache.catalina.core.AprLifecycleListener.lifecycleEvent The Apache Tomcat Native library which allows using OpenSSL was not found on the java.library.path: [C:\Program Files\Java\jdk-17\bin;C:\WINDOWS\Sun\Java\bin;C:\WINDOWS\system32;C:\WINDOWS;C:\Program Files\Common Files\Oracle\Java\javapath;C:\WINDOWS\system32;C:\WINDOWS;C:\WINDOWS\System32\Wbem;C:\WINDOWS\System32\WindowsPowerShell\v1.0\;C:\WINDOWS\System32\OpenSSH\;C:\Program Files\Git\cmd;C:\dspace-apps\apache-ant-1.10.14\bin;C:\Program Files\Java\jdk-17\bin;C:\Users\Lenovo\AppData\Roaming\nvm;C:\Program Files\nodejs;C:\apache-ant-1.9.4\bin;C:\apache-maven-3.9.9\bin;C:\Program Files\Java\jdk1.8.0_202\bin;C:\Program Files\Docker\Docker\resources\bin;C:\Program Files\nodejs\;C:\dspace-apps\apache-maven-3.9.9\bin;C:\Program Files (x86)\TechBets\bin;C:\Program Files\Common Files\Oracle\Java\javapath;C:\WINDOWS\system32;C:\WINDOWS;C:\WINDOWS\System32\Wbem;C:\WINDOWS\System32\WindowsPowerShell\v1.0\;C:\WINDOWS\System32\OpenSSH\;C:\Program Files\Git\cmd;C:\dspace-apps\apache-ant-1.10.14\bin;C:\Program Files\Java\jdk-17\bin;C:\Users\Lenovo\AppData\Roaming\nvm;C:\Program Files\nodejs;C:\apache-ant-1.9.4\bin;C:\apache-maven-3.9.9\bin;C:\Program Files\Java\jdk1.8.0_202\bin;C:\Program Files\Docker\Docker\resources\bin;C:\Program Files\nodejs\;C:\dspace-apps\apache-maven-3.9.9\bin;C:\Users\Lenovo\AppData\Local\Programs\Microsoft VS Code\bin;.]
16-Jul-2025 11:45:03.738 INFO [main] org.apache.coyote.AbstractProtocol.init Initializing ProtocolHandler ["http-nio-8080"]
16-Jul-2025 11:45:03.766 INFO [main] org.apache.catalina.startup.Catalina.load Server initialization in [409] milliseconds
16-Jul-2025 11:45:03.826 INFO [main] org.apache.catalina.core.StandardService.startInternal Starting service [Catalina]
16-Jul-2025 11:45:03.826 INFO [main] org.apache.catalina.core.StandardEngine.startInternal Starting Servlet engine: [Apache Tomcat/10.1.36]
16-Jul-2025 11:45:03.834 INFO [main] org.apache.catalina.startup.HostConfig.deployDirectory Deploying web application directory [C:\Program Files\Apache Software Foundation\Tomcat 10.1\webapps\docs]
16-Jul-2025 11:45:04.128 INFO [main] org.apache.catalina.startup.HostConfig.deployDirectory Deployment of web application directory [C:\Program Files\Apache Software Foundation\Tomcat 10.1\webapps\docs] has finished in [291] ms
16-Jul-2025 11:45:04.130 INFO [main] org.apache.catalina.startup.HostConfig.deployDirectory Deploying web application directory [C:\Program Files\Apache Software Foundation\Tomcat 10.1\webapps\manager]
16-Jul-2025 11:45:04.184 INFO [main] org.apache.catalina.startup.HostConfig.deployDirectory Deployment of web application directory [C:\Program Files\Apache Software Foundation\Tomcat 10.1\webapps\manager] has finished in [53] ms
16-Jul-2025 11:45:04.184 INFO [main] org.apache.catalina.startup.HostConfig.deployDirectory Deploying web application directory [C:\Program Files\Apache Software Foundation\Tomcat 10.1\webapps\ROOT]
16-Jul-2025 11:45:04.218 INFO [main] org.apache.catalina.startup.HostConfig.deployDirectory Deployment of web application directory [C:\Program Files\Apache Software Foundation\Tomcat 10.1\webapps\ROOT] has finished in [34] ms
16-Jul-2025 11:45:04.218 INFO [main] org.apache.catalina.startup.HostConfig.deployDirectory Deploying web application directory [C:\Program Files\Apache Software Foundation\Tomcat 10.1\webapps\server]
16-Jul-2025 11:45:43.307 INFO [main] org.apache.jasper.servlet.TldScanner.scanJars At least one JAR was scanned for TLDs yet contained no TLDs. Enable debug logging for this logger for a complete list of JARs that were scanned but no TLDs were found in them. Skipping unneeded JARs during scanning can improve startup time and JSP compilation time.
16-Jul-2025 11:47:06.199 INFO [main] org.apache.catalina.startup.HostConfig.deployDirectory Deployment of web application directory [C:\Program Files\Apache Software Foundation\Tomcat 10.1\webapps\server] has finished in [121,980] ms
16-Jul-2025 11:47:06.209 INFO [main] org.apache.coyote.AbstractProtocol.start Starting ProtocolHandler ["http-nio-8080"]
16-Jul-2025 11:47:06.263 INFO [main] org.apache.catalina.startup.Catalina.start Server startup in [122497] milliseconds
