09-Jun-2025 00:00:14.688 INFO [main] org.apache.catalina.startup.HostConfig.deployDirectory Deployment of web application directory [C:\Program Files\Apache Software Foundation\Tomcat 10.1\webapps\server] has finished in [123,725] ms
09-Jun-2025 00:00:14.698 INFO [main] org.apache.coyote.AbstractProtocol.start Starting ProtocolHandler ["http-nio-8080"]
09-Jun-2025 00:00:14.748 INFO [main] org.apache.catalina.startup.Catalina.start Server startup in [124188] milliseconds
09-Jun-2025 00:53:38.902 INFO [main] org.apache.catalina.startup.VersionLoggerListener.log Server version name:   Apache Tomcat/10.1.36
09-Jun-2025 00:53:38.907 INFO [main] org.apache.catalina.startup.VersionLoggerListener.log Server built:          Feb 13 2025 13:13:30 UTC
09-Jun-2025 00:53:38.908 INFO [main] org.apache.catalina.startup.VersionLoggerListener.log Server version number: 10.1.36.0
09-Jun-2025 00:53:38.908 INFO [main] org.apache.catalina.startup.VersionLoggerListener.log OS Name:               Windows 11
09-Jun-2025 00:53:38.908 INFO [main] org.apache.catalina.startup.VersionLoggerListener.log OS Version:            10.0
09-Jun-2025 00:53:38.908 INFO [main] org.apache.catalina.startup.VersionLoggerListener.log Architecture:          amd64
09-Jun-2025 00:53:38.908 INFO [main] org.apache.catalina.startup.VersionLoggerListener.log Java Home:             C:\Program Files\Java\jdk-17
09-Jun-2025 00:53:38.908 INFO [main] org.apache.catalina.startup.VersionLoggerListener.log JVM Version:           17.0.12+8-LTS-286
09-Jun-2025 00:53:38.909 INFO [main] org.apache.catalina.startup.VersionLoggerListener.log JVM Vendor:            Oracle Corporation
09-Jun-2025 00:53:38.909 INFO [main] org.apache.catalina.startup.VersionLoggerListener.log CATALINA_BASE:         C:\Program Files\Apache Software Foundation\Tomcat 10.1
09-Jun-2025 00:53:38.909 INFO [main] org.apache.catalina.startup.VersionLoggerListener.log CATALINA_HOME:         C:\Program Files\Apache Software Foundation\Tomcat 10.1
09-Jun-2025 00:53:38.920 INFO [main] org.apache.catalina.startup.VersionLoggerListener.log Command line argument: -Djava.util.logging.config.file=C:\Program Files\Apache Software Foundation\Tomcat 10.1\conf\logging.properties
09-Jun-2025 00:53:38.920 INFO [main] org.apache.catalina.startup.VersionLoggerListener.log Command line argument: -Djava.util.logging.manager=org.apache.juli.ClassLoaderLogManager
09-Jun-2025 00:53:38.921 INFO [main] org.apache.catalina.startup.VersionLoggerListener.log Command line argument: -Xmx512M
09-Jun-2025 00:53:38.921 INFO [main] org.apache.catalina.startup.VersionLoggerListener.log Command line argument: -Xms64M
09-Jun-2025 00:53:38.921 INFO [main] org.apache.catalina.startup.VersionLoggerListener.log Command line argument: -Dfile.encoding=UTF-8
09-Jun-2025 00:53:38.921 INFO [main] org.apache.catalina.startup.VersionLoggerListener.log Command line argument: -Djdk.tls.ephemeralDHKeySize=2048
09-Jun-2025 00:53:38.921 INFO [main] org.apache.catalina.startup.VersionLoggerListener.log Command line argument: -Djava.protocol.handler.pkgs=org.apache.catalina.webresources
09-Jun-2025 00:53:38.921 INFO [main] org.apache.catalina.startup.VersionLoggerListener.log Command line argument: -Dsun.io.useCanonCaches=false
09-Jun-2025 00:53:38.921 INFO [main] org.apache.catalina.startup.VersionLoggerListener.log Command line argument: --add-opens=java.base/java.lang=ALL-UNNAMED
09-Jun-2025 00:53:38.922 INFO [main] org.apache.catalina.startup.VersionLoggerListener.log Command line argument: --add-opens=java.base/java.io=ALL-UNNAMED
09-Jun-2025 00:53:38.922 INFO [main] org.apache.catalina.startup.VersionLoggerListener.log Command line argument: --add-opens=java.base/java.util=ALL-UNNAMED
09-Jun-2025 00:53:38.922 INFO [main] org.apache.catalina.startup.VersionLoggerListener.log Command line argument: --add-opens=java.base/java.util.concurrent=ALL-UNNAMED
09-Jun-2025 00:53:38.922 INFO [main] org.apache.catalina.startup.VersionLoggerListener.log Command line argument: --add-opens=java.rmi/sun.rmi.transport=ALL-UNNAMED
09-Jun-2025 00:53:38.922 INFO [main] org.apache.catalina.startup.VersionLoggerListener.log Command line argument: -Dcatalina.base=C:\Program Files\Apache Software Foundation\Tomcat 10.1
09-Jun-2025 00:53:38.922 INFO [main] org.apache.catalina.startup.VersionLoggerListener.log Command line argument: -Dcatalina.home=C:\Program Files\Apache Software Foundation\Tomcat 10.1
09-Jun-2025 00:53:38.922 INFO [main] org.apache.catalina.startup.VersionLoggerListener.log Command line argument: -Djava.io.tmpdir=C:\Program Files\Apache Software Foundation\Tomcat 10.1\temp
09-Jun-2025 00:53:38.929 INFO [main] org.apache.catalina.core.AprLifecycleListener.lifecycleEvent The Apache Tomcat Native library which allows using OpenSSL was not found on the java.library.path: [C:\Program Files\Java\jdk-17\bin;C:\WINDOWS\Sun\Java\bin;C:\WINDOWS\system32;C:\WINDOWS;C:\Program Files\Common Files\Oracle\Java\javapath;C:\WINDOWS\system32;C:\WINDOWS;C:\WINDOWS\System32\Wbem;C:\WINDOWS\System32\WindowsPowerShell\v1.0\;C:\WINDOWS\System32\OpenSSH\;C:\Program Files\Git\cmd;C:\dspace-apps\apache-ant-1.10.14\bin;C:\Program Files\Java\jdk1.8.0_202\bin;C:\Users\Lenovo\AppData\Roaming\nvm;C:\Program Files\nodejs;C:\apache-ant-1.9.4\bin;C:\apache-maven-3.9.9\bin;C:\Program Files\Java\jdk1.8.0_202\bin;C:\Program Files\Docker\Docker\resources\bin;C:\Program Files\nodejs\;C:\dspace-apps\apache-maven-3.9.9\bin;C:\Program Files (x86)\TechBets\bin;C:\Program Files\Common Files\Oracle\Java\javapath;C:\WINDOWS\system32;C:\WINDOWS;C:\WINDOWS\System32\Wbem;C:\WINDOWS\System32\WindowsPowerShell\v1.0\;C:\WINDOWS\System32\OpenSSH\;C:\Program Files\Git\cmd;C:\dspace-apps\apache-ant-1.10.14\bin;C:\Program Files\Java\jdk-17\bin;C:\Users\Lenovo\AppData\Roaming\nvm;C:\Program Files\nodejs;C:\apache-ant-1.9.4\bin;C:\apache-maven-3.9.9\bin;C:\Program Files\Java\jdk1.8.0_202\bin;C:\Program Files\Docker\Docker\resources\bin;C:\Program Files\nodejs\;C:\dspace-apps\apache-maven-3.9.9\bin;C:\Users\Lenovo\AppData\Local\Programs\Microsoft VS Code\bin;.]
09-Jun-2025 00:53:39.105 INFO [main] org.apache.coyote.AbstractProtocol.init Initializing ProtocolHandler ["http-nio-8080"]
09-Jun-2025 00:53:39.126 INFO [main] org.apache.catalina.startup.Catalina.load Server initialization in [353] milliseconds
09-Jun-2025 00:53:39.172 INFO [main] org.apache.catalina.core.StandardService.startInternal Starting service [Catalina]
09-Jun-2025 00:53:39.173 INFO [main] org.apache.catalina.core.StandardEngine.startInternal Starting Servlet engine: [Apache Tomcat/10.1.36]
09-Jun-2025 00:53:39.183 INFO [main] org.apache.catalina.startup.HostConfig.deployDirectory Deploying web application directory [C:\Program Files\Apache Software Foundation\Tomcat 10.1\webapps\docs]
09-Jun-2025 00:53:39.441 INFO [main] org.apache.catalina.startup.HostConfig.deployDirectory Deployment of web application directory [C:\Program Files\Apache Software Foundation\Tomcat 10.1\webapps\docs] has finished in [257] ms
09-Jun-2025 00:53:39.441 INFO [main] org.apache.catalina.startup.HostConfig.deployDirectory Deploying web application directory [C:\Program Files\Apache Software Foundation\Tomcat 10.1\webapps\manager]
09-Jun-2025 00:53:39.485 INFO [main] org.apache.catalina.startup.HostConfig.deployDirectory Deployment of web application directory [C:\Program Files\Apache Software Foundation\Tomcat 10.1\webapps\manager] has finished in [44] ms
09-Jun-2025 00:53:39.485 INFO [main] org.apache.catalina.startup.HostConfig.deployDirectory Deploying web application directory [C:\Program Files\Apache Software Foundation\Tomcat 10.1\webapps\ROOT]
09-Jun-2025 00:53:39.514 INFO [main] org.apache.catalina.startup.HostConfig.deployDirectory Deployment of web application directory [C:\Program Files\Apache Software Foundation\Tomcat 10.1\webapps\ROOT] has finished in [29] ms
09-Jun-2025 00:53:39.515 INFO [main] org.apache.catalina.startup.HostConfig.deployDirectory Deploying web application directory [C:\Program Files\Apache Software Foundation\Tomcat 10.1\webapps\server]
09-Jun-2025 00:54:13.183 INFO [main] org.apache.jasper.servlet.TldScanner.scanJars At least one JAR was scanned for TLDs yet contained no TLDs. Enable debug logging for this logger for a complete list of JARs that were scanned but no TLDs were found in them. Skipping unneeded JARs during scanning can improve startup time and JSP compilation time.
09-Jun-2025 00:55:32.069 INFO [main] org.apache.catalina.startup.HostConfig.deployDirectory Deployment of web application directory [C:\Program Files\Apache Software Foundation\Tomcat 10.1\webapps\server] has finished in [112,554] ms
09-Jun-2025 00:55:32.078 INFO [main] org.apache.coyote.AbstractProtocol.start Starting ProtocolHandler ["http-nio-8080"]
09-Jun-2025 00:55:32.128 INFO [main] org.apache.catalina.startup.Catalina.start Server startup in [113001] milliseconds
09-Jun-2025 02:11:40.888 INFO [main] org.apache.catalina.startup.VersionLoggerListener.log Server version name:   Apache Tomcat/10.1.36
09-Jun-2025 02:11:40.893 INFO [main] org.apache.catalina.startup.VersionLoggerListener.log Server built:          Feb 13 2025 13:13:30 UTC
09-Jun-2025 02:11:40.894 INFO [main] org.apache.catalina.startup.VersionLoggerListener.log Server version number: 10.1.36.0
09-Jun-2025 02:11:40.894 INFO [main] org.apache.catalina.startup.VersionLoggerListener.log OS Name:               Windows 11
09-Jun-2025 02:11:40.895 INFO [main] org.apache.catalina.startup.VersionLoggerListener.log OS Version:            10.0
09-Jun-2025 02:11:40.895 INFO [main] org.apache.catalina.startup.VersionLoggerListener.log Architecture:          amd64
09-Jun-2025 02:11:40.895 INFO [main] org.apache.catalina.startup.VersionLoggerListener.log Java Home:             C:\Program Files\Java\jdk-17
09-Jun-2025 02:11:40.895 INFO [main] org.apache.catalina.startup.VersionLoggerListener.log JVM Version:           17.0.12+8-LTS-286
09-Jun-2025 02:11:40.895 INFO [main] org.apache.catalina.startup.VersionLoggerListener.log JVM Vendor:            Oracle Corporation
09-Jun-2025 02:11:40.895 INFO [main] org.apache.catalina.startup.VersionLoggerListener.log CATALINA_BASE:         C:\Program Files\Apache Software Foundation\Tomcat 10.1
09-Jun-2025 02:11:40.897 INFO [main] org.apache.catalina.startup.VersionLoggerListener.log CATALINA_HOME:         C:\Program Files\Apache Software Foundation\Tomcat 10.1
09-Jun-2025 02:11:40.912 INFO [main] org.apache.catalina.startup.VersionLoggerListener.log Command line argument: -Djava.util.logging.config.file=C:\Program Files\Apache Software Foundation\Tomcat 10.1\conf\logging.properties
09-Jun-2025 02:11:40.912 INFO [main] org.apache.catalina.startup.VersionLoggerListener.log Command line argument: -Djava.util.logging.manager=org.apache.juli.ClassLoaderLogManager
09-Jun-2025 02:11:40.912 INFO [main] org.apache.catalina.startup.VersionLoggerListener.log Command line argument: -Xmx512M
09-Jun-2025 02:11:40.912 INFO [main] org.apache.catalina.startup.VersionLoggerListener.log Command line argument: -Xms64M
09-Jun-2025 02:11:40.913 INFO [main] org.apache.catalina.startup.VersionLoggerListener.log Command line argument: -Dfile.encoding=UTF-8
09-Jun-2025 02:11:40.913 INFO [main] org.apache.catalina.startup.VersionLoggerListener.log Command line argument: -Djdk.tls.ephemeralDHKeySize=2048
09-Jun-2025 02:11:40.913 INFO [main] org.apache.catalina.startup.VersionLoggerListener.log Command line argument: -Djava.protocol.handler.pkgs=org.apache.catalina.webresources
09-Jun-2025 02:11:40.913 INFO [main] org.apache.catalina.startup.VersionLoggerListener.log Command line argument: -Dsun.io.useCanonCaches=false
09-Jun-2025 02:11:40.913 INFO [main] org.apache.catalina.startup.VersionLoggerListener.log Command line argument: --add-opens=java.base/java.lang=ALL-UNNAMED
09-Jun-2025 02:11:40.913 INFO [main] org.apache.catalina.startup.VersionLoggerListener.log Command line argument: --add-opens=java.base/java.io=ALL-UNNAMED
09-Jun-2025 02:11:40.913 INFO [main] org.apache.catalina.startup.VersionLoggerListener.log Command line argument: --add-opens=java.base/java.util=ALL-UNNAMED
09-Jun-2025 02:11:40.914 INFO [main] org.apache.catalina.startup.VersionLoggerListener.log Command line argument: --add-opens=java.base/java.util.concurrent=ALL-UNNAMED
09-Jun-2025 02:11:40.914 INFO [main] org.apache.catalina.startup.VersionLoggerListener.log Command line argument: --add-opens=java.rmi/sun.rmi.transport=ALL-UNNAMED
09-Jun-2025 02:11:40.914 INFO [main] org.apache.catalina.startup.VersionLoggerListener.log Command line argument: -Dcatalina.base=C:\Program Files\Apache Software Foundation\Tomcat 10.1
09-Jun-2025 02:11:40.914 INFO [main] org.apache.catalina.startup.VersionLoggerListener.log Command line argument: -Dcatalina.home=C:\Program Files\Apache Software Foundation\Tomcat 10.1
09-Jun-2025 02:11:40.914 INFO [main] org.apache.catalina.startup.VersionLoggerListener.log Command line argument: -Djava.io.tmpdir=C:\Program Files\Apache Software Foundation\Tomcat 10.1\temp
09-Jun-2025 02:11:40.923 INFO [main] org.apache.catalina.core.AprLifecycleListener.lifecycleEvent The Apache Tomcat Native library which allows using OpenSSL was not found on the java.library.path: [C:\Program Files\Java\jdk-17\bin;C:\WINDOWS\Sun\Java\bin;C:\WINDOWS\system32;C:\WINDOWS;C:\Program Files\Common Files\Oracle\Java\javapath;C:\WINDOWS\system32;C:\WINDOWS;C:\WINDOWS\System32\Wbem;C:\WINDOWS\System32\WindowsPowerShell\v1.0\;C:\WINDOWS\System32\OpenSSH\;C:\Program Files\Git\cmd;C:\dspace-apps\apache-ant-1.10.14\bin;C:\Program Files\Java\jdk1.8.0_202\bin;C:\Users\Lenovo\AppData\Roaming\nvm;C:\Program Files\nodejs;C:\apache-ant-1.9.4\bin;C:\apache-maven-3.9.9\bin;C:\Program Files\Java\jdk1.8.0_202\bin;C:\Program Files\Docker\Docker\resources\bin;C:\Program Files\nodejs\;C:\dspace-apps\apache-maven-3.9.9\bin;C:\Program Files (x86)\TechBets\bin;C:\Program Files\Common Files\Oracle\Java\javapath;C:\WINDOWS\system32;C:\WINDOWS;C:\WINDOWS\System32\Wbem;C:\WINDOWS\System32\WindowsPowerShell\v1.0\;C:\WINDOWS\System32\OpenSSH\;C:\Program Files\Git\cmd;C:\dspace-apps\apache-ant-1.10.14\bin;C:\Program Files\Java\jdk-17\bin;C:\Users\Lenovo\AppData\Roaming\nvm;C:\Program Files\nodejs;C:\apache-ant-1.9.4\bin;C:\apache-maven-3.9.9\bin;C:\Program Files\Java\jdk1.8.0_202\bin;C:\Program Files\Docker\Docker\resources\bin;C:\Program Files\nodejs\;C:\dspace-apps\apache-maven-3.9.9\bin;C:\Users\Lenovo\AppData\Local\Programs\Microsoft VS Code\bin;.]
09-Jun-2025 02:11:41.156 INFO [main] org.apache.coyote.AbstractProtocol.init Initializing ProtocolHandler ["http-nio-8080"]
09-Jun-2025 02:11:41.179 INFO [main] org.apache.catalina.startup.Catalina.load Server initialization in [459] milliseconds
09-Jun-2025 02:11:41.232 INFO [main] org.apache.catalina.core.StandardService.startInternal Starting service [Catalina]
09-Jun-2025 02:11:41.232 INFO [main] org.apache.catalina.core.StandardEngine.startInternal Starting Servlet engine: [Apache Tomcat/10.1.36]
09-Jun-2025 02:11:41.244 INFO [main] org.apache.catalina.startup.HostConfig.deployDirectory Deploying web application directory [C:\Program Files\Apache Software Foundation\Tomcat 10.1\webapps\docs]
09-Jun-2025 02:11:41.564 INFO [main] org.apache.catalina.startup.HostConfig.deployDirectory Deployment of web application directory [C:\Program Files\Apache Software Foundation\Tomcat 10.1\webapps\docs] has finished in [319] ms
09-Jun-2025 02:11:41.565 INFO [main] org.apache.catalina.startup.HostConfig.deployDirectory Deploying web application directory [C:\Program Files\Apache Software Foundation\Tomcat 10.1\webapps\manager]
09-Jun-2025 02:11:41.621 INFO [main] org.apache.catalina.startup.HostConfig.deployDirectory Deployment of web application directory [C:\Program Files\Apache Software Foundation\Tomcat 10.1\webapps\manager] has finished in [56] ms
09-Jun-2025 02:11:41.621 INFO [main] org.apache.catalina.startup.HostConfig.deployDirectory Deploying web application directory [C:\Program Files\Apache Software Foundation\Tomcat 10.1\webapps\ROOT]
09-Jun-2025 02:11:41.661 INFO [main] org.apache.catalina.startup.HostConfig.deployDirectory Deployment of web application directory [C:\Program Files\Apache Software Foundation\Tomcat 10.1\webapps\ROOT] has finished in [40] ms
09-Jun-2025 02:11:41.662 INFO [main] org.apache.catalina.startup.HostConfig.deployDirectory Deploying web application directory [C:\Program Files\Apache Software Foundation\Tomcat 10.1\webapps\server]
09-Jun-2025 02:12:21.063 INFO [main] org.apache.jasper.servlet.TldScanner.scanJars At least one JAR was scanned for TLDs yet contained no TLDs. Enable debug logging for this logger for a complete list of JARs that were scanned but no TLDs were found in them. Skipping unneeded JARs during scanning can improve startup time and JSP compilation time.
09-Jun-2025 02:13:48.125 INFO [main] org.apache.catalina.startup.HostConfig.deployDirectory Deployment of web application directory [C:\Program Files\Apache Software Foundation\Tomcat 10.1\webapps\server] has finished in [126,462] ms
09-Jun-2025 02:13:48.140 INFO [main] org.apache.coyote.AbstractProtocol.start Starting ProtocolHandler ["http-nio-8080"]
09-Jun-2025 02:13:48.207 INFO [main] org.apache.catalina.startup.Catalina.start Server startup in [127027] milliseconds
09-Jun-2025 02:32:27.015 INFO [main] org.apache.catalina.startup.VersionLoggerListener.log Server version name:   Apache Tomcat/10.1.36
09-Jun-2025 02:32:27.021 INFO [main] org.apache.catalina.startup.VersionLoggerListener.log Server built:          Feb 13 2025 13:13:30 UTC
09-Jun-2025 02:32:27.023 INFO [main] org.apache.catalina.startup.VersionLoggerListener.log Server version number: 10.1.36.0
09-Jun-2025 02:32:27.023 INFO [main] org.apache.catalina.startup.VersionLoggerListener.log OS Name:               Windows 11
09-Jun-2025 02:32:27.025 INFO [main] org.apache.catalina.startup.VersionLoggerListener.log OS Version:            10.0
09-Jun-2025 02:32:27.025 INFO [main] org.apache.catalina.startup.VersionLoggerListener.log Architecture:          amd64
09-Jun-2025 02:32:27.025 INFO [main] org.apache.catalina.startup.VersionLoggerListener.log Java Home:             C:\Program Files\Java\jdk-17
09-Jun-2025 02:32:27.025 INFO [main] org.apache.catalina.startup.VersionLoggerListener.log JVM Version:           17.0.12+8-LTS-286
09-Jun-2025 02:32:27.026 INFO [main] org.apache.catalina.startup.VersionLoggerListener.log JVM Vendor:            Oracle Corporation
09-Jun-2025 02:32:27.026 INFO [main] org.apache.catalina.startup.VersionLoggerListener.log CATALINA_BASE:         C:\Program Files\Apache Software Foundation\Tomcat 10.1
09-Jun-2025 02:32:27.026 INFO [main] org.apache.catalina.startup.VersionLoggerListener.log CATALINA_HOME:         C:\Program Files\Apache Software Foundation\Tomcat 10.1
09-Jun-2025 02:32:27.042 INFO [main] org.apache.catalina.startup.VersionLoggerListener.log Command line argument: -Djava.util.logging.config.file=C:\Program Files\Apache Software Foundation\Tomcat 10.1\conf\logging.properties
09-Jun-2025 02:32:27.042 INFO [main] org.apache.catalina.startup.VersionLoggerListener.log Command line argument: -Djava.util.logging.manager=org.apache.juli.ClassLoaderLogManager
09-Jun-2025 02:32:27.043 INFO [main] org.apache.catalina.startup.VersionLoggerListener.log Command line argument: -Xmx512M
09-Jun-2025 02:32:27.043 INFO [main] org.apache.catalina.startup.VersionLoggerListener.log Command line argument: -Xms64M
09-Jun-2025 02:32:27.043 INFO [main] org.apache.catalina.startup.VersionLoggerListener.log Command line argument: -Dfile.encoding=UTF-8
09-Jun-2025 02:32:27.043 INFO [main] org.apache.catalina.startup.VersionLoggerListener.log Command line argument: -Djdk.tls.ephemeralDHKeySize=2048
09-Jun-2025 02:32:27.043 INFO [main] org.apache.catalina.startup.VersionLoggerListener.log Command line argument: -Djava.protocol.handler.pkgs=org.apache.catalina.webresources
09-Jun-2025 02:32:27.043 INFO [main] org.apache.catalina.startup.VersionLoggerListener.log Command line argument: -Dsun.io.useCanonCaches=false
09-Jun-2025 02:32:27.044 INFO [main] org.apache.catalina.startup.VersionLoggerListener.log Command line argument: --add-opens=java.base/java.lang=ALL-UNNAMED
09-Jun-2025 02:32:27.044 INFO [main] org.apache.catalina.startup.VersionLoggerListener.log Command line argument: --add-opens=java.base/java.io=ALL-UNNAMED
09-Jun-2025 02:32:27.044 INFO [main] org.apache.catalina.startup.VersionLoggerListener.log Command line argument: --add-opens=java.base/java.util=ALL-UNNAMED
09-Jun-2025 02:32:27.044 INFO [main] org.apache.catalina.startup.VersionLoggerListener.log Command line argument: --add-opens=java.base/java.util.concurrent=ALL-UNNAMED
09-Jun-2025 02:32:27.044 INFO [main] org.apache.catalina.startup.VersionLoggerListener.log Command line argument: --add-opens=java.rmi/sun.rmi.transport=ALL-UNNAMED
09-Jun-2025 02:32:27.045 INFO [main] org.apache.catalina.startup.VersionLoggerListener.log Command line argument: -Dcatalina.base=C:\Program Files\Apache Software Foundation\Tomcat 10.1
09-Jun-2025 02:32:27.045 INFO [main] org.apache.catalina.startup.VersionLoggerListener.log Command line argument: -Dcatalina.home=C:\Program Files\Apache Software Foundation\Tomcat 10.1
09-Jun-2025 02:32:27.045 INFO [main] org.apache.catalina.startup.VersionLoggerListener.log Command line argument: -Djava.io.tmpdir=C:\Program Files\Apache Software Foundation\Tomcat 10.1\temp
09-Jun-2025 02:32:27.055 INFO [main] org.apache.catalina.core.AprLifecycleListener.lifecycleEvent The Apache Tomcat Native library which allows using OpenSSL was not found on the java.library.path: [C:\Program Files\Java\jdk-17\bin;C:\WINDOWS\Sun\Java\bin;C:\WINDOWS\system32;C:\WINDOWS;C:\Program Files\Common Files\Oracle\Java\javapath;C:\WINDOWS\system32;C:\WINDOWS;C:\WINDOWS\System32\Wbem;C:\WINDOWS\System32\WindowsPowerShell\v1.0\;C:\WINDOWS\System32\OpenSSH\;C:\Program Files\Git\cmd;C:\dspace-apps\apache-ant-1.10.14\bin;C:\Program Files\Java\jdk1.8.0_202\bin;C:\Users\Lenovo\AppData\Roaming\nvm;C:\Program Files\nodejs;C:\apache-ant-1.9.4\bin;C:\apache-maven-3.9.9\bin;C:\Program Files\Java\jdk1.8.0_202\bin;C:\Program Files\Docker\Docker\resources\bin;C:\Program Files\nodejs\;C:\dspace-apps\apache-maven-3.9.9\bin;C:\Program Files (x86)\TechBets\bin;C:\Program Files\Common Files\Oracle\Java\javapath;C:\WINDOWS\system32;C:\WINDOWS;C:\WINDOWS\System32\Wbem;C:\WINDOWS\System32\WindowsPowerShell\v1.0\;C:\WINDOWS\System32\OpenSSH\;C:\Program Files\Git\cmd;C:\dspace-apps\apache-ant-1.10.14\bin;C:\Program Files\Java\jdk-17\bin;C:\Users\Lenovo\AppData\Roaming\nvm;C:\Program Files\nodejs;C:\apache-ant-1.9.4\bin;C:\apache-maven-3.9.9\bin;C:\Program Files\Java\jdk1.8.0_202\bin;C:\Program Files\Docker\Docker\resources\bin;C:\Program Files\nodejs\;C:\dspace-apps\apache-maven-3.9.9\bin;C:\Users\Lenovo\AppData\Local\Programs\Microsoft VS Code\bin;.]
09-Jun-2025 02:32:27.307 INFO [main] org.apache.coyote.AbstractProtocol.init Initializing ProtocolHandler ["http-nio-8080"]
09-Jun-2025 02:32:27.332 INFO [main] org.apache.catalina.startup.Catalina.load Server initialization in [496] milliseconds
09-Jun-2025 02:32:27.397 INFO [main] org.apache.catalina.core.StandardService.startInternal Starting service [Catalina]
09-Jun-2025 02:32:27.397 INFO [main] org.apache.catalina.core.StandardEngine.startInternal Starting Servlet engine: [Apache Tomcat/10.1.36]
09-Jun-2025 02:32:27.409 INFO [main] org.apache.catalina.startup.HostConfig.deployDirectory Deploying web application directory [C:\Program Files\Apache Software Foundation\Tomcat 10.1\webapps\docs]
09-Jun-2025 02:32:27.725 INFO [main] org.apache.catalina.startup.HostConfig.deployDirectory Deployment of web application directory [C:\Program Files\Apache Software Foundation\Tomcat 10.1\webapps\docs] has finished in [315] ms
09-Jun-2025 02:32:27.727 INFO [main] org.apache.catalina.startup.HostConfig.deployDirectory Deploying web application directory [C:\Program Files\Apache Software Foundation\Tomcat 10.1\webapps\manager]
09-Jun-2025 02:32:27.779 INFO [main] org.apache.catalina.startup.HostConfig.deployDirectory Deployment of web application directory [C:\Program Files\Apache Software Foundation\Tomcat 10.1\webapps\manager] has finished in [52] ms
09-Jun-2025 02:32:27.780 INFO [main] org.apache.catalina.startup.HostConfig.deployDirectory Deploying web application directory [C:\Program Files\Apache Software Foundation\Tomcat 10.1\webapps\ROOT]
09-Jun-2025 02:32:27.816 INFO [main] org.apache.catalina.startup.HostConfig.deployDirectory Deployment of web application directory [C:\Program Files\Apache Software Foundation\Tomcat 10.1\webapps\ROOT] has finished in [36] ms
09-Jun-2025 02:32:27.816 INFO [main] org.apache.catalina.startup.HostConfig.deployDirectory Deploying web application directory [C:\Program Files\Apache Software Foundation\Tomcat 10.1\webapps\server]
09-Jun-2025 02:33:04.295 INFO [main] org.apache.jasper.servlet.TldScanner.scanJars At least one JAR was scanned for TLDs yet contained no TLDs. Enable debug logging for this logger for a complete list of JARs that were scanned but no TLDs were found in them. Skipping unneeded JARs during scanning can improve startup time and JSP compilation time.
09-Jun-2025 02:34:31.160 INFO [main] org.apache.catalina.startup.HostConfig.deployDirectory Deployment of web application directory [C:\Program Files\Apache Software Foundation\Tomcat 10.1\webapps\server] has finished in [123,343] ms
09-Jun-2025 02:34:31.168 INFO [main] org.apache.coyote.AbstractProtocol.start Starting ProtocolHandler ["http-nio-8080"]
09-Jun-2025 02:34:31.221 INFO [main] org.apache.catalina.startup.Catalina.start Server startup in [123888] milliseconds
09-Jun-2025 02:38:42.160 INFO [main] org.apache.catalina.startup.VersionLoggerListener.log Server version name:   Apache Tomcat/10.1.36
09-Jun-2025 02:38:42.166 INFO [main] org.apache.catalina.startup.VersionLoggerListener.log Server built:          Feb 13 2025 13:13:30 UTC
09-Jun-2025 02:38:42.166 INFO [main] org.apache.catalina.startup.VersionLoggerListener.log Server version number: 10.1.36.0
09-Jun-2025 02:38:42.166 INFO [main] org.apache.catalina.startup.VersionLoggerListener.log OS Name:               Windows 11
09-Jun-2025 02:38:42.167 INFO [main] org.apache.catalina.startup.VersionLoggerListener.log OS Version:            10.0
09-Jun-2025 02:38:42.167 INFO [main] org.apache.catalina.startup.VersionLoggerListener.log Architecture:          amd64
09-Jun-2025 02:38:42.167 INFO [main] org.apache.catalina.startup.VersionLoggerListener.log Java Home:             C:\Program Files\Java\jdk-17
09-Jun-2025 02:38:42.168 INFO [main] org.apache.catalina.startup.VersionLoggerListener.log JVM Version:           17.0.12+8-LTS-286
09-Jun-2025 02:38:42.168 INFO [main] org.apache.catalina.startup.VersionLoggerListener.log JVM Vendor:            Oracle Corporation
09-Jun-2025 02:38:42.168 INFO [main] org.apache.catalina.startup.VersionLoggerListener.log CATALINA_BASE:         C:\Program Files\Apache Software Foundation\Tomcat 10.1
09-Jun-2025 02:38:42.168 INFO [main] org.apache.catalina.startup.VersionLoggerListener.log CATALINA_HOME:         C:\Program Files\Apache Software Foundation\Tomcat 10.1
09-Jun-2025 02:38:42.179 INFO [main] org.apache.catalina.startup.VersionLoggerListener.log Command line argument: -Djava.util.logging.config.file=C:\Program Files\Apache Software Foundation\Tomcat 10.1\conf\logging.properties
09-Jun-2025 02:38:42.179 INFO [main] org.apache.catalina.startup.VersionLoggerListener.log Command line argument: -Djava.util.logging.manager=org.apache.juli.ClassLoaderLogManager
09-Jun-2025 02:38:42.180 INFO [main] org.apache.catalina.startup.VersionLoggerListener.log Command line argument: -Xmx512M
09-Jun-2025 02:38:42.180 INFO [main] org.apache.catalina.startup.VersionLoggerListener.log Command line argument: -Xms64M
09-Jun-2025 02:38:42.180 INFO [main] org.apache.catalina.startup.VersionLoggerListener.log Command line argument: -Dfile.encoding=UTF-8
09-Jun-2025 02:38:42.180 INFO [main] org.apache.catalina.startup.VersionLoggerListener.log Command line argument: -Djdk.tls.ephemeralDHKeySize=2048
09-Jun-2025 02:38:42.180 INFO [main] org.apache.catalina.startup.VersionLoggerListener.log Command line argument: -Djava.protocol.handler.pkgs=org.apache.catalina.webresources
09-Jun-2025 02:38:42.181 INFO [main] org.apache.catalina.startup.VersionLoggerListener.log Command line argument: -Dsun.io.useCanonCaches=false
09-Jun-2025 02:38:42.181 INFO [main] org.apache.catalina.startup.VersionLoggerListener.log Command line argument: --add-opens=java.base/java.lang=ALL-UNNAMED
09-Jun-2025 02:38:42.181 INFO [main] org.apache.catalina.startup.VersionLoggerListener.log Command line argument: --add-opens=java.base/java.io=ALL-UNNAMED
09-Jun-2025 02:38:42.181 INFO [main] org.apache.catalina.startup.VersionLoggerListener.log Command line argument: --add-opens=java.base/java.util=ALL-UNNAMED
09-Jun-2025 02:38:42.181 INFO [main] org.apache.catalina.startup.VersionLoggerListener.log Command line argument: --add-opens=java.base/java.util.concurrent=ALL-UNNAMED
09-Jun-2025 02:38:42.182 INFO [main] org.apache.catalina.startup.VersionLoggerListener.log Command line argument: --add-opens=java.rmi/sun.rmi.transport=ALL-UNNAMED
09-Jun-2025 02:38:42.182 INFO [main] org.apache.catalina.startup.VersionLoggerListener.log Command line argument: -Dcatalina.base=C:\Program Files\Apache Software Foundation\Tomcat 10.1
09-Jun-2025 02:38:42.182 INFO [main] org.apache.catalina.startup.VersionLoggerListener.log Command line argument: -Dcatalina.home=C:\Program Files\Apache Software Foundation\Tomcat 10.1
09-Jun-2025 02:38:42.182 INFO [main] org.apache.catalina.startup.VersionLoggerListener.log Command line argument: -Djava.io.tmpdir=C:\Program Files\Apache Software Foundation\Tomcat 10.1\temp
09-Jun-2025 02:38:42.192 INFO [main] org.apache.catalina.core.AprLifecycleListener.lifecycleEvent The Apache Tomcat Native library which allows using OpenSSL was not found on the java.library.path: [C:\Program Files\Java\jdk-17\bin;C:\WINDOWS\Sun\Java\bin;C:\WINDOWS\system32;C:\WINDOWS;C:\Program Files\Common Files\Oracle\Java\javapath;C:\WINDOWS\system32;C:\WINDOWS;C:\WINDOWS\System32\Wbem;C:\WINDOWS\System32\WindowsPowerShell\v1.0\;C:\WINDOWS\System32\OpenSSH\;C:\Program Files\Git\cmd;C:\dspace-apps\apache-ant-1.10.14\bin;C:\Program Files\Java\jdk1.8.0_202\bin;C:\Users\Lenovo\AppData\Roaming\nvm;C:\Program Files\nodejs;C:\apache-ant-1.9.4\bin;C:\apache-maven-3.9.9\bin;C:\Program Files\Java\jdk1.8.0_202\bin;C:\Program Files\Docker\Docker\resources\bin;C:\Program Files\nodejs\;C:\dspace-apps\apache-maven-3.9.9\bin;C:\Program Files (x86)\TechBets\bin;C:\Program Files\Common Files\Oracle\Java\javapath;C:\WINDOWS\system32;C:\WINDOWS;C:\WINDOWS\System32\Wbem;C:\WINDOWS\System32\WindowsPowerShell\v1.0\;C:\WINDOWS\System32\OpenSSH\;C:\Program Files\Git\cmd;C:\dspace-apps\apache-ant-1.10.14\bin;C:\Program Files\Java\jdk-17\bin;C:\Users\Lenovo\AppData\Roaming\nvm;C:\Program Files\nodejs;C:\apache-ant-1.9.4\bin;C:\apache-maven-3.9.9\bin;C:\Program Files\Java\jdk1.8.0_202\bin;C:\Program Files\Docker\Docker\resources\bin;C:\Program Files\nodejs\;C:\dspace-apps\apache-maven-3.9.9\bin;C:\Users\Lenovo\AppData\Local\Programs\Microsoft VS Code\bin;.]
09-Jun-2025 02:38:42.401 INFO [main] org.apache.coyote.AbstractProtocol.init Initializing ProtocolHandler ["http-nio-8080"]
09-Jun-2025 02:38:42.421 INFO [main] org.apache.catalina.startup.Catalina.load Server initialization in [424] milliseconds
09-Jun-2025 02:38:42.466 INFO [main] org.apache.catalina.core.StandardService.startInternal Starting service [Catalina]
09-Jun-2025 02:38:42.466 INFO [main] org.apache.catalina.core.StandardEngine.startInternal Starting Servlet engine: [Apache Tomcat/10.1.36]
09-Jun-2025 02:38:42.478 INFO [main] org.apache.catalina.startup.HostConfig.deployDirectory Deploying web application directory [C:\Program Files\Apache Software Foundation\Tomcat 10.1\webapps\docs]
09-Jun-2025 02:38:42.774 INFO [main] org.apache.catalina.startup.HostConfig.deployDirectory Deployment of web application directory [C:\Program Files\Apache Software Foundation\Tomcat 10.1\webapps\docs] has finished in [295] ms
09-Jun-2025 02:38:42.774 INFO [main] org.apache.catalina.startup.HostConfig.deployDirectory Deploying web application directory [C:\Program Files\Apache Software Foundation\Tomcat 10.1\webapps\manager]
09-Jun-2025 02:38:42.839 INFO [main] org.apache.catalina.startup.HostConfig.deployDirectory Deployment of web application directory [C:\Program Files\Apache Software Foundation\Tomcat 10.1\webapps\manager] has finished in [64] ms
09-Jun-2025 02:38:42.839 INFO [main] org.apache.catalina.startup.HostConfig.deployDirectory Deploying web application directory [C:\Program Files\Apache Software Foundation\Tomcat 10.1\webapps\ROOT]
09-Jun-2025 02:38:42.874 INFO [main] org.apache.catalina.startup.HostConfig.deployDirectory Deployment of web application directory [C:\Program Files\Apache Software Foundation\Tomcat 10.1\webapps\ROOT] has finished in [35] ms
09-Jun-2025 02:38:42.874 INFO [main] org.apache.catalina.startup.HostConfig.deployDirectory Deploying web application directory [C:\Program Files\Apache Software Foundation\Tomcat 10.1\webapps\server]
09-Jun-2025 02:39:19.251 INFO [main] org.apache.jasper.servlet.TldScanner.scanJars At least one JAR was scanned for TLDs yet contained no TLDs. Enable debug logging for this logger for a complete list of JARs that were scanned but no TLDs were found in them. Skipping unneeded JARs during scanning can improve startup time and JSP compilation time.
09-Jun-2025 02:40:42.047 INFO [main] org.apache.catalina.startup.HostConfig.deployDirectory Deployment of web application directory [C:\Program Files\Apache Software Foundation\Tomcat 10.1\webapps\server] has finished in [119,173] ms
09-Jun-2025 02:40:42.072 INFO [main] org.apache.coyote.AbstractProtocol.start Starting ProtocolHandler ["http-nio-8080"]
09-Jun-2025 02:40:42.130 INFO [main] org.apache.catalina.startup.Catalina.start Server startup in [119708] milliseconds
09-Jun-2025 16:44:04.173 INFO [main] org.apache.catalina.startup.VersionLoggerListener.log Server version name:   Apache Tomcat/10.1.36
09-Jun-2025 16:44:04.177 INFO [main] org.apache.catalina.startup.VersionLoggerListener.log Server built:          Feb 13 2025 13:13:30 UTC
09-Jun-2025 16:44:04.177 INFO [main] org.apache.catalina.startup.VersionLoggerListener.log Server version number: 10.1.36.0
09-Jun-2025 16:44:04.178 INFO [main] org.apache.catalina.startup.VersionLoggerListener.log OS Name:               Windows 11
09-Jun-2025 16:44:04.178 INFO [main] org.apache.catalina.startup.VersionLoggerListener.log OS Version:            10.0
09-Jun-2025 16:44:04.178 INFO [main] org.apache.catalina.startup.VersionLoggerListener.log Architecture:          amd64
09-Jun-2025 16:44:04.179 INFO [main] org.apache.catalina.startup.VersionLoggerListener.log Java Home:             C:\Program Files\Java\jdk-17
09-Jun-2025 16:44:04.179 INFO [main] org.apache.catalina.startup.VersionLoggerListener.log JVM Version:           17.0.12+8-LTS-286
09-Jun-2025 16:44:04.179 INFO [main] org.apache.catalina.startup.VersionLoggerListener.log JVM Vendor:            Oracle Corporation
09-Jun-2025 16:44:04.179 INFO [main] org.apache.catalina.startup.VersionLoggerListener.log CATALINA_BASE:         C:\Program Files\Apache Software Foundation\Tomcat 10.1
09-Jun-2025 16:44:04.180 INFO [main] org.apache.catalina.startup.VersionLoggerListener.log CATALINA_HOME:         C:\Program Files\Apache Software Foundation\Tomcat 10.1
09-Jun-2025 16:44:04.193 INFO [main] org.apache.catalina.startup.VersionLoggerListener.log Command line argument: -Djava.util.logging.config.file=C:\Program Files\Apache Software Foundation\Tomcat 10.1\conf\logging.properties
09-Jun-2025 16:44:04.193 INFO [main] org.apache.catalina.startup.VersionLoggerListener.log Command line argument: -Djava.util.logging.manager=org.apache.juli.ClassLoaderLogManager
09-Jun-2025 16:44:04.194 INFO [main] org.apache.catalina.startup.VersionLoggerListener.log Command line argument: -Xmx512M
09-Jun-2025 16:44:04.194 INFO [main] org.apache.catalina.startup.VersionLoggerListener.log Command line argument: -Xms64M
09-Jun-2025 16:44:04.194 INFO [main] org.apache.catalina.startup.VersionLoggerListener.log Command line argument: -Dfile.encoding=UTF-8
09-Jun-2025 16:44:04.194 INFO [main] org.apache.catalina.startup.VersionLoggerListener.log Command line argument: -Djdk.tls.ephemeralDHKeySize=2048
09-Jun-2025 16:44:04.194 INFO [main] org.apache.catalina.startup.VersionLoggerListener.log Command line argument: -Djava.protocol.handler.pkgs=org.apache.catalina.webresources
09-Jun-2025 16:44:04.195 INFO [main] org.apache.catalina.startup.VersionLoggerListener.log Command line argument: -Dsun.io.useCanonCaches=false
09-Jun-2025 16:44:04.195 INFO [main] org.apache.catalina.startup.VersionLoggerListener.log Command line argument: --add-opens=java.base/java.lang=ALL-UNNAMED
09-Jun-2025 16:44:04.195 INFO [main] org.apache.catalina.startup.VersionLoggerListener.log Command line argument: --add-opens=java.base/java.io=ALL-UNNAMED
09-Jun-2025 16:44:04.195 INFO [main] org.apache.catalina.startup.VersionLoggerListener.log Command line argument: --add-opens=java.base/java.util=ALL-UNNAMED
09-Jun-2025 16:44:04.195 INFO [main] org.apache.catalina.startup.VersionLoggerListener.log Command line argument: --add-opens=java.base/java.util.concurrent=ALL-UNNAMED
09-Jun-2025 16:44:04.195 INFO [main] org.apache.catalina.startup.VersionLoggerListener.log Command line argument: --add-opens=java.rmi/sun.rmi.transport=ALL-UNNAMED
09-Jun-2025 16:44:04.196 INFO [main] org.apache.catalina.startup.VersionLoggerListener.log Command line argument: -Dcatalina.base=C:\Program Files\Apache Software Foundation\Tomcat 10.1
09-Jun-2025 16:44:04.196 INFO [main] org.apache.catalina.startup.VersionLoggerListener.log Command line argument: -Dcatalina.home=C:\Program Files\Apache Software Foundation\Tomcat 10.1
09-Jun-2025 16:44:04.196 INFO [main] org.apache.catalina.startup.VersionLoggerListener.log Command line argument: -Djava.io.tmpdir=C:\Program Files\Apache Software Foundation\Tomcat 10.1\temp
09-Jun-2025 16:44:04.205 INFO [main] org.apache.catalina.core.AprLifecycleListener.lifecycleEvent The Apache Tomcat Native library which allows using OpenSSL was not found on the java.library.path: [C:\Program Files\Java\jdk-17\bin;C:\WINDOWS\Sun\Java\bin;C:\WINDOWS\system32;C:\WINDOWS;C:\Program Files\Common Files\Oracle\Java\javapath;C:\WINDOWS\system32;C:\WINDOWS;C:\WINDOWS\System32\Wbem;C:\WINDOWS\System32\WindowsPowerShell\v1.0\;C:\WINDOWS\System32\OpenSSH\;C:\Program Files\Git\cmd;C:\dspace-apps\apache-ant-1.10.14\bin;C:\Program Files\Java\jdk1.8.0_202\bin;C:\Users\Lenovo\AppData\Roaming\nvm;C:\Program Files\nodejs;C:\apache-ant-1.9.4\bin;C:\apache-maven-3.9.9\bin;C:\Program Files\Java\jdk1.8.0_202\bin;C:\Program Files\Docker\Docker\resources\bin;C:\Program Files\nodejs\;C:\dspace-apps\apache-maven-3.9.9\bin;C:\Program Files (x86)\TechBets\bin;C:\Program Files\Common Files\Oracle\Java\javapath;C:\WINDOWS\system32;C:\WINDOWS;C:\WINDOWS\System32\Wbem;C:\WINDOWS\System32\WindowsPowerShell\v1.0\;C:\WINDOWS\System32\OpenSSH\;C:\Program Files\Git\cmd;C:\dspace-apps\apache-ant-1.10.14\bin;C:\Program Files\Java\jdk-17\bin;C:\Users\Lenovo\AppData\Roaming\nvm;C:\Program Files\nodejs;C:\apache-ant-1.9.4\bin;C:\apache-maven-3.9.9\bin;C:\Program Files\Java\jdk1.8.0_202\bin;C:\Program Files\Docker\Docker\resources\bin;C:\Program Files\nodejs\;C:\dspace-apps\apache-maven-3.9.9\bin;C:\Users\Lenovo\AppData\Local\Programs\Microsoft VS Code\bin;.]
09-Jun-2025 16:44:04.434 INFO [main] org.apache.coyote.AbstractProtocol.init Initializing ProtocolHandler ["http-nio-8080"]
09-Jun-2025 16:44:04.470 INFO [main] org.apache.catalina.startup.Catalina.load Server initialization in [470] milliseconds
09-Jun-2025 16:44:04.541 INFO [main] org.apache.catalina.core.StandardService.startInternal Starting service [Catalina]
09-Jun-2025 16:44:04.541 INFO [main] org.apache.catalina.core.StandardEngine.startInternal Starting Servlet engine: [Apache Tomcat/10.1.36]
09-Jun-2025 16:44:04.552 INFO [main] org.apache.catalina.startup.HostConfig.deployDirectory Deploying web application directory [C:\Program Files\Apache Software Foundation\Tomcat 10.1\webapps\docs]
09-Jun-2025 16:44:04.937 INFO [main] org.apache.catalina.startup.HostConfig.deployDirectory Deployment of web application directory [C:\Program Files\Apache Software Foundation\Tomcat 10.1\webapps\docs] has finished in [384] ms
09-Jun-2025 16:44:04.938 INFO [main] org.apache.catalina.startup.HostConfig.deployDirectory Deploying web application directory [C:\Program Files\Apache Software Foundation\Tomcat 10.1\webapps\manager]
09-Jun-2025 16:44:05.002 INFO [main] org.apache.catalina.startup.HostConfig.deployDirectory Deployment of web application directory [C:\Program Files\Apache Software Foundation\Tomcat 10.1\webapps\manager] has finished in [64] ms
09-Jun-2025 16:44:05.003 INFO [main] org.apache.catalina.startup.HostConfig.deployDirectory Deploying web application directory [C:\Program Files\Apache Software Foundation\Tomcat 10.1\webapps\ROOT]
09-Jun-2025 16:44:05.041 INFO [main] org.apache.catalina.startup.HostConfig.deployDirectory Deployment of web application directory [C:\Program Files\Apache Software Foundation\Tomcat 10.1\webapps\ROOT] has finished in [37] ms
09-Jun-2025 16:44:05.041 INFO [main] org.apache.catalina.startup.HostConfig.deployDirectory Deploying web application directory [C:\Program Files\Apache Software Foundation\Tomcat 10.1\webapps\server]
09-Jun-2025 16:44:46.405 INFO [main] org.apache.jasper.servlet.TldScanner.scanJars At least one JAR was scanned for TLDs yet contained no TLDs. Enable debug logging for this logger for a complete list of JARs that were scanned but no TLDs were found in them. Skipping unneeded JARs during scanning can improve startup time and JSP compilation time.
09-Jun-2025 16:46:15.188 INFO [main] org.apache.catalina.startup.HostConfig.deployDirectory Deployment of web application directory [C:\Program Files\Apache Software Foundation\Tomcat 10.1\webapps\server] has finished in [130,147] ms
09-Jun-2025 16:46:15.197 INFO [main] org.apache.coyote.AbstractProtocol.start Starting ProtocolHandler ["http-nio-8080"]
09-Jun-2025 16:46:15.264 INFO [main] org.apache.catalina.startup.Catalina.start Server startup in [130790] milliseconds
09-Jun-2025 17:02:51.884 INFO [main] org.apache.catalina.startup.VersionLoggerListener.log Server version name:   Apache Tomcat/10.1.36
09-Jun-2025 17:02:51.890 INFO [main] org.apache.catalina.startup.VersionLoggerListener.log Server built:          Feb 13 2025 13:13:30 UTC
09-Jun-2025 17:02:51.891 INFO [main] org.apache.catalina.startup.VersionLoggerListener.log Server version number: 10.1.36.0
09-Jun-2025 17:02:51.891 INFO [main] org.apache.catalina.startup.VersionLoggerListener.log OS Name:               Windows 11
09-Jun-2025 17:02:51.892 INFO [main] org.apache.catalina.startup.VersionLoggerListener.log OS Version:            10.0
09-Jun-2025 17:02:51.892 INFO [main] org.apache.catalina.startup.VersionLoggerListener.log Architecture:          amd64
09-Jun-2025 17:02:51.893 INFO [main] org.apache.catalina.startup.VersionLoggerListener.log Java Home:             C:\Program Files\Java\jdk-17
09-Jun-2025 17:02:51.893 INFO [main] org.apache.catalina.startup.VersionLoggerListener.log JVM Version:           17.0.12+8-LTS-286
09-Jun-2025 17:02:51.893 INFO [main] org.apache.catalina.startup.VersionLoggerListener.log JVM Vendor:            Oracle Corporation
09-Jun-2025 17:02:51.893 INFO [main] org.apache.catalina.startup.VersionLoggerListener.log CATALINA_BASE:         C:\Program Files\Apache Software Foundation\Tomcat 10.1
09-Jun-2025 17:02:51.893 INFO [main] org.apache.catalina.startup.VersionLoggerListener.log CATALINA_HOME:         C:\Program Files\Apache Software Foundation\Tomcat 10.1
09-Jun-2025 17:02:51.899 INFO [main] org.apache.catalina.startup.VersionLoggerListener.log Command line argument: -Djava.util.logging.config.file=C:\Program Files\Apache Software Foundation\Tomcat 10.1\conf\logging.properties
09-Jun-2025 17:02:51.900 INFO [main] org.apache.catalina.startup.VersionLoggerListener.log Command line argument: -Djava.util.logging.manager=org.apache.juli.ClassLoaderLogManager
09-Jun-2025 17:02:51.900 INFO [main] org.apache.catalina.startup.VersionLoggerListener.log Command line argument: -Xmx512M
09-Jun-2025 17:02:51.900 INFO [main] org.apache.catalina.startup.VersionLoggerListener.log Command line argument: -Xms64M
09-Jun-2025 17:02:51.900 INFO [main] org.apache.catalina.startup.VersionLoggerListener.log Command line argument: -Dfile.encoding=UTF-8
09-Jun-2025 17:02:51.900 INFO [main] org.apache.catalina.startup.VersionLoggerListener.log Command line argument: -Djdk.tls.ephemeralDHKeySize=2048
09-Jun-2025 17:02:51.900 INFO [main] org.apache.catalina.startup.VersionLoggerListener.log Command line argument: -Djava.protocol.handler.pkgs=org.apache.catalina.webresources
09-Jun-2025 17:02:51.901 INFO [main] org.apache.catalina.startup.VersionLoggerListener.log Command line argument: -Dsun.io.useCanonCaches=false
09-Jun-2025 17:02:51.901 INFO [main] org.apache.catalina.startup.VersionLoggerListener.log Command line argument: --add-opens=java.base/java.lang=ALL-UNNAMED
09-Jun-2025 17:02:51.901 INFO [main] org.apache.catalina.startup.VersionLoggerListener.log Command line argument: --add-opens=java.base/java.io=ALL-UNNAMED
09-Jun-2025 17:02:51.901 INFO [main] org.apache.catalina.startup.VersionLoggerListener.log Command line argument: --add-opens=java.base/java.util=ALL-UNNAMED
09-Jun-2025 17:02:51.901 INFO [main] org.apache.catalina.startup.VersionLoggerListener.log Command line argument: --add-opens=java.base/java.util.concurrent=ALL-UNNAMED
09-Jun-2025 17:02:51.901 INFO [main] org.apache.catalina.startup.VersionLoggerListener.log Command line argument: --add-opens=java.rmi/sun.rmi.transport=ALL-UNNAMED
09-Jun-2025 17:02:51.902 INFO [main] org.apache.catalina.startup.VersionLoggerListener.log Command line argument: -Dcatalina.base=C:\Program Files\Apache Software Foundation\Tomcat 10.1
09-Jun-2025 17:02:51.902 INFO [main] org.apache.catalina.startup.VersionLoggerListener.log Command line argument: -Dcatalina.home=C:\Program Files\Apache Software Foundation\Tomcat 10.1
09-Jun-2025 17:02:51.902 INFO [main] org.apache.catalina.startup.VersionLoggerListener.log Command line argument: -Djava.io.tmpdir=C:\Program Files\Apache Software Foundation\Tomcat 10.1\temp
09-Jun-2025 17:02:51.913 INFO [main] org.apache.catalina.core.AprLifecycleListener.lifecycleEvent The Apache Tomcat Native library which allows using OpenSSL was not found on the java.library.path: [C:\Program Files\Java\jdk-17\bin;C:\WINDOWS\Sun\Java\bin;C:\WINDOWS\system32;C:\WINDOWS;C:\Program Files\Common Files\Oracle\Java\javapath;C:\WINDOWS\system32;C:\WINDOWS;C:\WINDOWS\System32\Wbem;C:\WINDOWS\System32\WindowsPowerShell\v1.0\;C:\WINDOWS\System32\OpenSSH\;C:\Program Files\Git\cmd;C:\dspace-apps\apache-ant-1.10.14\bin;C:\Program Files\Java\jdk1.8.0_202\bin;C:\Users\Lenovo\AppData\Roaming\nvm;C:\Program Files\nodejs;C:\apache-ant-1.9.4\bin;C:\apache-maven-3.9.9\bin;C:\Program Files\Java\jdk1.8.0_202\bin;C:\Program Files\Docker\Docker\resources\bin;C:\Program Files\nodejs\;C:\dspace-apps\apache-maven-3.9.9\bin;C:\Program Files (x86)\TechBets\bin;C:\Program Files\Common Files\Oracle\Java\javapath;C:\WINDOWS\system32;C:\WINDOWS;C:\WINDOWS\System32\Wbem;C:\WINDOWS\System32\WindowsPowerShell\v1.0\;C:\WINDOWS\System32\OpenSSH\;C:\Program Files\Git\cmd;C:\dspace-apps\apache-ant-1.10.14\bin;C:\Program Files\Java\jdk-17\bin;C:\Users\Lenovo\AppData\Roaming\nvm;C:\Program Files\nodejs;C:\apache-ant-1.9.4\bin;C:\apache-maven-3.9.9\bin;C:\Program Files\Java\jdk1.8.0_202\bin;C:\Program Files\Docker\Docker\resources\bin;C:\Program Files\nodejs\;C:\dspace-apps\apache-maven-3.9.9\bin;C:\Users\Lenovo\AppData\Local\Programs\Microsoft VS Code\bin;.]
09-Jun-2025 17:02:52.165 INFO [main] org.apache.coyote.AbstractProtocol.init Initializing ProtocolHandler ["http-nio-8080"]
09-Jun-2025 17:02:52.194 INFO [main] org.apache.catalina.startup.Catalina.load Server initialization in [531] milliseconds
09-Jun-2025 17:02:52.249 INFO [main] org.apache.catalina.core.StandardService.startInternal Starting service [Catalina]
09-Jun-2025 17:02:52.249 INFO [main] org.apache.catalina.core.StandardEngine.startInternal Starting Servlet engine: [Apache Tomcat/10.1.36]
09-Jun-2025 17:02:52.262 INFO [main] org.apache.catalina.startup.HostConfig.deployDirectory Deploying web application directory [C:\Program Files\Apache Software Foundation\Tomcat 10.1\webapps\docs]
09-Jun-2025 17:02:52.618 INFO [main] org.apache.catalina.startup.HostConfig.deployDirectory Deployment of web application directory [C:\Program Files\Apache Software Foundation\Tomcat 10.1\webapps\docs] has finished in [355] ms
09-Jun-2025 17:02:52.619 INFO [main] org.apache.catalina.startup.HostConfig.deployDirectory Deploying web application directory [C:\Program Files\Apache Software Foundation\Tomcat 10.1\webapps\manager]
09-Jun-2025 17:02:52.680 INFO [main] org.apache.catalina.startup.HostConfig.deployDirectory Deployment of web application directory [C:\Program Files\Apache Software Foundation\Tomcat 10.1\webapps\manager] has finished in [61] ms
09-Jun-2025 17:02:52.681 INFO [main] org.apache.catalina.startup.HostConfig.deployDirectory Deploying web application directory [C:\Program Files\Apache Software Foundation\Tomcat 10.1\webapps\ROOT]
09-Jun-2025 17:02:52.719 INFO [main] org.apache.catalina.startup.HostConfig.deployDirectory Deployment of web application directory [C:\Program Files\Apache Software Foundation\Tomcat 10.1\webapps\ROOT] has finished in [39] ms
09-Jun-2025 17:02:52.720 INFO [main] org.apache.catalina.startup.HostConfig.deployDirectory Deploying web application directory [C:\Program Files\Apache Software Foundation\Tomcat 10.1\webapps\server]
09-Jun-2025 17:03:49.763 INFO [main] org.apache.jasper.servlet.TldScanner.scanJars At least one JAR was scanned for TLDs yet contained no TLDs. Enable debug logging for this logger for a complete list of JARs that were scanned but no TLDs were found in them. Skipping unneeded JARs during scanning can improve startup time and JSP compilation time.
09-Jun-2025 17:06:04.345 INFO [main] org.apache.catalina.startup.HostConfig.deployDirectory Deployment of web application directory [C:\Program Files\Apache Software Foundation\Tomcat 10.1\webapps\server] has finished in [191,624] ms
09-Jun-2025 17:06:04.355 INFO [main] org.apache.coyote.AbstractProtocol.start Starting ProtocolHandler ["http-nio-8080"]
09-Jun-2025 17:06:04.425 INFO [main] org.apache.catalina.startup.Catalina.start Server startup in [192230] milliseconds
